SKIP 0115D51D65698ADB49C383B80C90B37327AA.XLS: could not detect period from filename

SKIP 01ATM202390AF58B0729E4A70A0665091361E142A.XLSX: could not detect period from filename

SKIP 021528C05BED753A4A879F85627433E1984B.XLS: could not detect period from filename

SKIP 0315C5A4D71115B24D62B412302AA877CAC2.XLS: could not detect period from filename

SKIP AC060614FS.xls: could not detect period from filename

SKIP AC10020114F.xls: could not detect period from filename

SKIP ACOT12040213.xls: could not detect period from filename

SKIP AM0FB09196B028442EA6FB9A392A3FEA32.XLS: could not detect period from filename

SKIP AT091500B99875ABFA490590C59CA8C56E8860.XLS: could not detect period from filename

SKIP AT1015D7D4F2BE7E4E412BBF4AB05C8A5DB585.XLS: could not detect period from filename

SKIP AT1113080114S2.xls: could not detect period from filename

SKIP ATC14012014.xls: could not detect period from filename

SKIP ATC190913FS.xls: could not detect period from filename

SKIP ATC280814FS.xls: could not detect period from filename

SKIP ATM06210F02FA081F0147998F4EBD89AE2D26DA.XLSX: could not detect period from filename

SKIP ATM1115EEA46C4D41A94C92AB8C8CCD5B365F31.XLS: could not detect period from filename

SKIP ATM11C999C9044E4DA5B57B8F01809A839D.XLS: could not detect period from filename

SKIP ATM1214CD0315T.xls: could not detect period from filename

SKIP ATM12BAC674B07F4949B581713AFAC63691.XLSX: could not detect period from filename

SKIP ATM13030713F.xls: could not detect period from filename

SKIP ATM140313.xls: could not detect period from filename

SKIP ATM15032016927415422E6849EC8CFB2DD40E1939D3.XLS: could not detect period from filename

SKIP ATM150420211082B589FD794427A7DC323DA2EEEC25.XLSX: could not detect period from filename

SKIP ATM18052021_F4DEA491557B44E2385D6FD2F5CADDF6F.XLSX: could not detect period from filename

SKIP ATM1905201609026FB59358486DACE2EF0D2A7B701F.XLS: could not detect period from filename

SKIP ATM2022JANUARY1C73A4D5438C48959894AEC2DA8AB3C5.XLSX: could not detect period from filename

SKIP ATM21092020F0D9A41928544F359BFD55F7E938C4D2.XLSX: could not detect period from filename

SKIP ATM24062022B1682B16A8DE46F9A4EF93B1A45F4483.XLSX: could not detect period from filename

SKIP ATM2503202143D12E1C57FF44EB8E6C81785E14C1CE.XLSX: could not detect period from filename

SKIP ATM290513_APR.xls: could not detect period from filename

SKIP ATM290513_FEB.xls: could not detect period from filename

SKIP ATM290513_MAR.xls: could not detect period from filename

SKIP ATM7C0D179A507A4735B4E1343F006DB7CD.XLSX: could not detect period from filename

SKIP ATM94FB01AB84644B49AEA67C03B9A1C334.XLS: could not detect period from filename

SKIP ATMA5B97F5A4986495493E6B8DA04842E92.XLSX: could not detect period from filename

SKIP ATMAICSAPRIL2022DCE60947F453408BB0B9B12FC25B4FB3.XLSX: could not detect period from filename

SKIP ATMAPRIL25A53BB941D2DD420396BFADA6710AE005.XLSX: could not detect period from filename

SKIP ATMC0120190C5F282E1F78437C842B43C845530FE7.XLSX: could not detect period from filename

SKIP ATMC05042018BD17531E5E874917881199E7406E25CC.XLS: could not detect period from filename

SKIP ATMC072018E5E01A94BD0C434C833A3198A56AFAEF.XLSX: could not detect period from filename

SKIP ATMC0820187FB940DB7996455284154AEE2E84D43D.XLSX: could not detect period from filename

SKIP ATMC112016AB3CC0B5BA804346B54B6E2B9369D3AB.XLSX: could not detect period from filename

SKIP ATMC23102013F.xls: could not detect period from filename

SKIP ATMC7018880AAE64B9C901E3CF4407893D6.XLS: could not detect period from filename

SKIP ATMCAP2011.xls: could not detect period from filename

SKIP ATMCARDDECEMBER2023FB5BF1EF5FA6424F9BEFA688B5C97B6A.XLSX: could not detect period from filename

SKIP ATMCARDSAPRIL20238B7180C64D8C4C0E9DC53416B47F32F5.XLSX: could not detect period from filename

SKIP ATMCARDSFEBRUARY23338AEF0694164CA3A9699D81995BBD86.XLSX: could not detect period from filename

SKIP ATMCARDSMARCH2326696F4AA2574B6FBA44619F2E06D710.XLSX: could not detect period from filename

SKIP ATMCARDSTATISTICSFEBRUARY202457B7F81FA09D45F1B815AFE8F846DD66.XLSX: could not detect period from filename

SKIP ATMCARDSTATISTICSM202238D403B4F64C4257B7FB8542E1058924.XLSX: could not detect period from filename

SKIP ATMCMAY2011.xls: could not detect period from filename

SKIP ATMCS15061848ABB81A795C4B3BA5FBD9B49BD1D600.XLS: could not detect period from filename

SKIP ATMCS160820185D141820572B455DB74C5B7AD8C1489E.XLS: could not detect period from filename

SKIP ATMCS180914.xls: could not detect period from filename

SKIP ATMCS181214_SEP14.xls: could not detect period from filename

SKIP ATMCS250420177F190F923BD24A38846A9F268EBBE16D.XLSX: could not detect period from filename

SKIP ATMCS290320170C76F4DE2FDC46CEB74890D252924C2E.XLSX: could not detect period from filename

SKIP ATMCS310714.xls: could not detect period from filename

SKIP ATMCSA300814.xls: could not detect period from filename

SKIP ATMCSFEB070514.xls: could not detect period from filename

SKIP ATMCSO3110214.xls: could not detect period from filename

SKIP ATMD21E2C4053604DE4A438D39AA66A3DDA.XLSX: could not detect period from filename

SKIP ATMDEC15042014.xls: could not detect period from filename

SKIP ATMDEC260218395F2BAE987545F6AE800D4709C9582F.XLSX: could not detect period from filename

SKIP ATMJAN2024A9E2477D787A44509449782EE3288B7F.XLSX: could not detect period from filename

SKIP ATMN04022013F.xls: could not detect period from filename

SKIP ATMOCT1925758787C7284D888FB507C05A618599.XLSX: could not detect period from filename

SKIP ATMP10201674D5952EB1EA43E284E00DA0EA835F56.XLS: could not detect period from filename

SKIP ATMP1020180ABBD4D729CB4680964A3AC265C06EF0.XLSX: could not detect period from filename

SKIP ATMP19052016A8F11ACA9BB7455789D99B4FDB622AF5.XLS: could not detect period from filename

SKIP ATMP1909166111107147384707A7C6EAF150C7818C.XLS: could not detect period from filename

SKIP ATMP190916BBA584CEA0A349918DAAE25AAF43DBE6.XLS: could not detect period from filename

SKIP ATMP26051617DD6CC822DF4ABE9D871637BD28C685.XLS: could not detect period from filename

SKIP ATMPC062016336D1A8BBFE14C86B0B8EA8A9DD3D1D5.XLS: could not detect period from filename

SKIP ATMPC072016267F1E02BD8C4CEAB9EBD19053506491.XLS: could not detect period from filename

SKIP ATMPC092016A421A7F74BDB4852A3B24D03314D9FD5.XLS: could not detect period from filename

SKIP ATMPC17112016311BE3CCA94143DAAB5462E4C9733E28.XLS: could not detect period from filename

SKIP ATMPOSC042015CBF2BCF194534C23835A58C43D465ECF.XLS: could not detect period from filename

SKIP ATMS04072012.xls: could not detect period from filename

SKIP ATMS04102012.xls: could not detect period from filename

SKIP ATMS08062012.xls: could not detect period from filename

SKIP ATMS13092012.xls: could not detect period from filename

SKIP ATMS26062012.xls: could not detect period from filename

SKIP ATMS26112012F.xls: could not detect period from filename

SKIP ATMSEPT2022757FCD4121974841840DF3A80AA9B5F0.XLSX: could not detect period from filename

SKIP ATSAR060614F.xls: could not detect period from filename

SKIP BAC062011FL.xls: could not detect period from filename

SKIP BACJ072011.xls: could not detect period from filename

SKIP BATAU082011.xls: could not detect period from filename

SKIP BATC020812N.xls: could not detect period from filename

SKIP BATMP080612.xls: could not detect period from filename

SKIP BATMP140312.xls: could not detect period from filename

SKIP BATMP230412.xls: could not detect period from filename

SKIP BDEC140312.xls: could not detect period from filename

SKIP CARDSTATISTICSNOV238027AEE4EAC345CB8DE1FBE6AACE7F28.XLSX: could not detect period from filename

SKIP CARDSTATISTICSOCT233FCD79949CF34355AB25245B3EFE2074.XLSX: could not detect period from filename

SKIP CARDSTATISTICSSEP20237F9722FFFD2C4A648A621CB928EE955F.XLSX: could not detect period from filename

SKIP CAT05082013F.xls: could not detect period from filename

SKIP MAC0212OC11.xls: could not detect period from filename

SKIP MTC0212SP11.xls: could not detect period from filename

FAIL ATMCS01012014.xls (period=0120-01): ValueError: Could not locate data start row
Traceback (most recent call last):
  File "/home/runner/work/atmdata/atmdata/scripts/build_all.py", line 45, in main
    result = parse_file(path)
             ^^^^^^^^^^^^^^^^
  File "/home/runner/work/atmdata/atmdata/scripts/parser.py", line 222, in parse_file
    banks = parse_modern(df) if fmt == "modern" else parse_legacy(df)
                                                     ^^^^^^^^^^^^^^^^
  File "/home/runner/work/atmdata/atmdata/scripts/parser.py", line 182, in parse_legacy
    start = _find_data_start(df, BANK)
            ^^^^^^^^^^^^^^^^^^^^^^^^^^
  File "/home/runner/work/atmdata/atmdata/scripts/parser.py", line 117, in _find_data_start
    raise ValueError("Could not locate data start row")
ValueError: Could not locate data start row


FAIL ATM04022013.xls (period=0220-04): ValueError: Could not locate data start row
Traceback (most recent call last):
  File "/home/runner/work/atmdata/atmdata/scripts/build_all.py", line 45, in main
    result = parse_file(path)
             ^^^^^^^^^^^^^^^^
  File "/home/runner/work/atmdata/atmdata/scripts/parser.py", line 222, in parse_file
    banks = parse_modern(df) if fmt == "modern" else parse_legacy(df)
                                                     ^^^^^^^^^^^^^^^^
  File "/home/runner/work/atmdata/atmdata/scripts/parser.py", line 182, in parse_legacy
    start = _find_data_start(df, BANK)
            ^^^^^^^^^^^^^^^^^^^^^^^^^^
  File "/home/runner/work/atmdata/atmdata/scripts/parser.py", line 117, in _find_data_start
    raise ValueError("Could not locate data start row")
ValueError: Could not locate data start row


FAIL ATM0320203A8362C0253D46D78706BE21CD6CA667.XLS (period=2020-03): ValueError: Could not locate data start row
Traceback (most recent call last):
  File "/home/runner/work/atmdata/atmdata/scripts/build_all.py", line 45, in main
    result = parse_file(path)
             ^^^^^^^^^^^^^^^^
  File "/home/runner/work/atmdata/atmdata/scripts/parser.py", line 222, in parse_file
    banks = parse_modern(df) if fmt == "modern" else parse_legacy(df)
                                                     ^^^^^^^^^^^^^^^^
  File "/home/runner/work/atmdata/atmdata/scripts/parser.py", line 182, in parse_legacy
    start = _find_data_start(df, BANK)
            ^^^^^^^^^^^^^^^^^^^^^^^^^^
  File "/home/runner/work/atmdata/atmdata/scripts/parser.py", line 117, in _find_data_start
    raise ValueError("Could not locate data start row")
ValueError: Could not locate data start row


FAIL ATM042020F83BD431E5C342EAB529E142B272440F.XLS (period=2020-04): ValueError: Could not locate data start row
Traceback (most recent call last):
  File "/home/runner/work/atmdata/atmdata/scripts/build_all.py", line 45, in main
    result = parse_file(path)
             ^^^^^^^^^^^^^^^^
  File "/home/runner/work/atmdata/atmdata/scripts/parser.py", line 222, in parse_file
    banks = parse_modern(df) if fmt == "modern" else parse_legacy(df)
                                                     ^^^^^^^^^^^^^^^^
  File "/home/runner/work/atmdata/atmdata/scripts/parser.py", line 182, in parse_legacy
    start = _find_data_start(df, BANK)
            ^^^^^^^^^^^^^^^^^^^^^^^^^^
  File "/home/runner/work/atmdata/atmdata/scripts/parser.py", line 117, in _find_data_start
    raise ValueError("Could not locate data start row")
ValueError: Could not locate data start row


FAIL ATM082021A54F4D3A50C94B9BB68835EE1C36B956.XLSX (period=2021-08): IndexError: index 18 is out of bounds for axis 0 with size 18
Traceback (most recent call last):
  File "/home/runner/work/atmdata/atmdata/scripts/build_all.py", line 45, in main
    result = parse_file(path)
             ^^^^^^^^^^^^^^^^
  File "/home/runner/work/atmdata/atmdata/scripts/parser.py", line 222, in parse_file
    banks = parse_modern(df) if fmt == "modern" else parse_legacy(df)
            ^^^^^^^^^^^^^^^^
  File "/home/runner/work/atmdata/atmdata/scripts/parser.py", line 165, in parse_modern
    "credit_card_atm_withdrawal_value_thousands": _to_float(df.iat[i, CC_VAL]),
                                                            ~~~~~~^^^^^^^^^^^
  File "/opt/hostedtoolcache/Python/3.11.15/x64/lib/python3.11/site-packages/pandas/core/indexing.py", line 2527, in __getitem__
    return self.obj._get_value(*key, takeable=self._takeable)
           ^^^^^^^^^^^^^^^^^^^^^^^^^^^^^^^^^^^^^^^^^^^^^^^^^^
  File "/opt/hostedtoolcache/Python/3.11.15/x64/lib/python3.11/site-packages/pandas/core/frame.py", line 4486, in _get_value
    series = self._ixs(col, axis=1)
             ^^^^^^^^^^^^^^^^^^^^^^
  File "/opt/hostedtoolcache/Python/3.11.15/x64/lib/python3.11/site-packages/pandas/core/frame.py", line 4313, in _ixs
    col_mgr = self._mgr.iget(i)
              ^^^^^^^^^^^^^^^^^
  File "/opt/hostedtoolcache/Python/3.11.15/x64/lib/python3.11/site-packages/pandas/core/internals/managers.py", line 1217, in iget
    block = self.blocks[self.blknos[i]]
                        ~~~~~~~~~~~^^^
IndexError: index 18 is out of bounds for axis 0 with size 18


FAIL ATM1020213EF20FCA31BD400AB71E8E09B04FBE7D.XLSX (period=2021-10): IndexError: index 18 is out of bounds for axis 0 with size 18
Traceback (most recent call last):
  File "/home/runner/work/atmdata/atmdata/scripts/build_all.py", line 45, in main
    result = parse_file(path)
             ^^^^^^^^^^^^^^^^
  File "/home/runner/work/atmdata/atmdata/scripts/parser.py", line 222, in parse_file
    banks = parse_modern(df) if fmt == "modern" else parse_legacy(df)
            ^^^^^^^^^^^^^^^^
  File "/home/runner/work/atmdata/atmdata/scripts/parser.py", line 165, in parse_modern
    "credit_card_atm_withdrawal_value_thousands": _to_float(df.iat[i, CC_VAL]),
                                                            ~~~~~~^^^^^^^^^^^
  File "/opt/hostedtoolcache/Python/3.11.15/x64/lib/python3.11/site-packages/pandas/core/indexing.py", line 2527, in __getitem__
    return self.obj._get_value(*key, takeable=self._takeable)
           ^^^^^^^^^^^^^^^^^^^^^^^^^^^^^^^^^^^^^^^^^^^^^^^^^^
  File "/opt/hostedtoolcache/Python/3.11.15/x64/lib/python3.11/site-packages/pandas/core/frame.py", line 4486, in _get_value
    series = self._ixs(col, axis=1)
             ^^^^^^^^^^^^^^^^^^^^^^
  File "/opt/hostedtoolcache/Python/3.11.15/x64/lib/python3.11/site-packages/pandas/core/frame.py", line 4313, in _ixs
    col_mgr = self._mgr.iget(i)
              ^^^^^^^^^^^^^^^^^
  File "/opt/hostedtoolcache/Python/3.11.15/x64/lib/python3.11/site-packages/pandas/core/internals/managers.py", line 1217, in iget
    block = self.blocks[self.blknos[i]]
                        ~~~~~~~~~~~^^^
IndexError: index 18 is out of bounds for axis 0 with size 18
